<?xml version="1.0" encoding="UTF-8"?>
<!-- Generated by org.testng.reporters.JUnitReportReporter -->
<testsuite skipped="0" hostname="DESKTOP-TDPUCCF" name="TestScript.Booking4" tests="7" failures="0" timestamp="2021-11-21T19:15:21 IST" time="260.517" errors="0">
  <testcase name="Book_TC_04" time="41.174" classname="TestScript.Booking4"/>
  <system-out/>
  <testcase name="Book_TC_02" time="24.414" classname="TestScript.Booking4"/>
  <system-out/>
  <testcase name="Book_Tc_03" time="23.967" classname="TestScript.Booking4"/>
  <system-out/>
  <testcase name="Book_TC_05" time="34.567" classname="TestScript.Booking4"/>
  <system-out/>
  <testcase name="Book_TC_06" time="46.632" classname="TestScript.Booking4"/>
  <system-out/>
  <testcase name="Book_TC_07" time="44.654" classname="TestScript.Booking4"/>
  <system-out/>
  <testcase name="Book_TC_08" time="45.109" classname="TestScript.Booking4"/>
  <system-out/>
</testsuite> <!-- TestScript.Booking4 -->
